Copyright 1986-2019 Xilinx, Inc. All Rights Reserved.
----------------------------------------------------------------------------------------------------------------------------------------------------
| Tool Version     : Vivado v.2019.1 (win64) Build 2552052 Fri May 24 14:49:42 MDT 2019
| Date             : Mon Jan  8 09:39:52 2024
| Host             : LGORVKE running 64-bit major release  (build 9200)
| Command          : report_power -file top_module_power_routed.rpt -pb top_module_power_summary_routed.pb -rpx top_module_power_routed.rpx
| Design           : top_module
| Device           : xc7a35tcpg236-1
| Design State     : routed
| Grade            : commercial
| Process          : typical
| Characterization : Production
----------------------------------------------------------------------------------------------------------------------------------------------------

Power Report

Table of Contents
-----------------
1. Summary
1.1 On-Chip Components
1.2 Power Supply Summary
1.3 Confidence Level
2. Settings
2.1 Environment
2.2 Clock Constraints
3. Detailed Reports
3.1 By Hierarchy

1. Summary
----------

+--------------------------+--------------+
| Total On-Chip Power (W)  | 0.404        |
| Design Power Budget (W)  | Unspecified* |
| Power Budget Margin (W)  | NA           |
| Dynamic (W)              | 0.332        |
| Device Static (W)        | 0.072        |
| Effective TJA (C/W)      | 5.0          |
| Max Ambient (C)          | 83.0         |
| Junction Temperature (C) | 27.0         |
| Confidence Level         | Low          |
| Setting File             | ---          |
| Simulation Activity File | ---          |
| Design Nets Matched      | NA           |
+--------------------------+--------------+
* Specify Design Power Budget using, set_operating_conditions -design_power_budget <value in Watts>


1.1 On-Chip Components
----------------------

+--------------------------+-----------+----------+-----------+-----------------+
| On-Chip                  | Power (W) | Used     | Available | Utilization (%) |
+--------------------------+-----------+----------+-----------+-----------------+
| Clocks                   |     0.001 |        5 |       --- |             --- |
| Slice Logic              |     0.108 |    24783 |       --- |             --- |
|   LUT as Logic           |     0.106 |    17706 |     20800 |           85.13 |
|   F7/F8 Muxes            |     0.001 |     2933 |     32600 |            9.00 |
|   CARRY4                 |    <0.001 |      253 |      8150 |            3.10 |
|   LUT as Distributed RAM |    <0.001 |       72 |      9600 |            0.75 |
|   Register               |    <0.001 |     2557 |     41600 |            6.15 |
|   BUFG                   |    <0.001 |        1 |        32 |            3.13 |
|   Others                 |     0.000 |       25 |       --- |             --- |
| Signals                  |     0.102 |    16002 |       --- |             --- |
| MMCM                     |     0.116 |        1 |         5 |           20.00 |
| DSPs                     |    <0.001 |        9 |        90 |           10.00 |
| I/O                      |     0.003 |       33 |       106 |           31.13 |
| Static Power             |     0.072 |          |           |                 |
| Total                    |     0.404 |          |           |                 |
+--------------------------+-----------+----------+-----------+-----------------+


1.2 Power Supply Summary
------------------------

+-----------+-------------+-----------+-------------+------------+
| Source    | Voltage (V) | Total (A) | Dynamic (A) | Static (A) |
+-----------+-------------+-----------+-------------+------------+
| Vccint    |       1.000 |     0.223 |       0.213 |      0.010 |
| Vccaux    |       1.800 |     0.077 |       0.064 |      0.013 |
| Vcco33    |       3.300 |     0.002 |       0.001 |      0.001 |
| Vcco25    |       2.500 |     0.000 |       0.000 |      0.000 |
| Vcco18    |       1.800 |     0.000 |       0.000 |      0.000 |
| Vcco15    |       1.500 |     0.000 |       0.000 |      0.000 |
| Vcco135   |       1.350 |     0.000 |       0.000 |      0.000 |
| Vcco12    |       1.200 |     0.000 |       0.000 |      0.000 |
| Vccaux_io |       1.800 |     0.000 |       0.000 |      0.000 |
| Vccbram   |       1.000 |     0.000 |       0.000 |      0.000 |
| MGTAVcc   |       1.000 |     0.000 |       0.000 |      0.000 |
| MGTAVtt   |       1.200 |     0.000 |       0.000 |      0.000 |
| Vccadc    |       1.800 |     0.020 |       0.000 |      0.020 |
+-----------+-------------+-----------+-------------+------------+


1.3 Confidence Level
--------------------

+-----------------------------+------------+--------------------------------------------------------+--------------------------------------------------------------------------------------------------------------------+
| User Input Data             | Confidence | Details                                                | Action                                                                                                             |
+-----------------------------+------------+--------------------------------------------------------+--------------------------------------------------------------------------------------------------------------------+
| Design implementation state | High       | Design is routed                                       |                                                                                                                    |
| Clock nodes activity        | Low        | User specified less than 75% of clocks                 | Provide missing clock activity with a constraint file, simulation results or by editing the "By Clock Domain" view |
| I/O nodes activity          | Low        | More than 75% of inputs are missing user specification | Provide missing input activity with simulation results or by editing the "By Resource Type -> I/Os" view           |
| Internal nodes activity     | Medium     | User specified less than 25% of internal nodes         | Provide missing internal nodes activity with simulation results or by editing the "By Resource Type" views         |
| Device models               | High       | Device models are Production                           |                                                                                                                    |
|                             |            |                                                        |                                                                                                                    |
| Overall confidence level    | Low        |                                                        |                                                                                                                    |
+-----------------------------+------------+--------------------------------------------------------+--------------------------------------------------------------------------------------------------------------------+


2. Settings
-----------

2.1 Environment
---------------

+-----------------------+--------------------------+
| Ambient Temp (C)      | 25.0                     |
| ThetaJA (C/W)         | 5.0                      |
| Airflow (LFM)         | 250                      |
| Heat Sink             | medium (Medium Profile)  |
| ThetaSA (C/W)         | 4.6                      |
| Board Selection       | medium (10"x10")         |
| # of Board Layers     | 12to15 (12 to 15 Layers) |
| Board Temperature (C) | 25.0                     |
+-----------------------+--------------------------+


2.2 Clock Constraints
---------------------

+---------------------------------+--------------------------------------------+-----------------+
| Clock                           | Domain                                     | Constraint (ns) |
+---------------------------------+--------------------------------------------+-----------------+
| OUTMODULE/clk_inst/inst/clk_in1 | clk_in_IBUF_BUFG                           |            10.0 |
| clk_out1_clk_wiz_0              | OUTMODULE/clk_inst/inst/clk_out1_clk_wiz_0 |            40.0 |
| clkfbout_clk_wiz_0              | OUTMODULE/clk_inst/inst/clkfbout_clk_wiz_0 |            10.0 |
+---------------------------------+--------------------------------------------+-----------------+


3. Detailed Reports
-------------------

3.1 By Hierarchy
----------------

+----------------+-----------+
| Name           | Power (W) |
+----------------+-----------+
| top_module     |     0.332 |
|   OUTMODULE    |     0.142 |
|     COLORPART  |     0.014 |
|       OPTP     |     0.014 |
|     clk_inst   |     0.116 |
|       inst     |     0.116 |
|     vgactr     |     0.011 |
|   RISCVCPU     |     0.185 |
|     DATAMEMORY |     0.032 |
|     rEM        |     0.147 |
|     rIE        |     0.003 |
+----------------+-----------+


